<?xml version="1.0" encoding="UTF-8"?>
<testsuite xmlns:xsi="http://www.w3.org/2001/XMLSchema-instance" xsi:noNamespaceSchemaLocation="https://maven.apache.org/surefire/maven-surefire-plugin/xsd/surefire-test-report-3.0.xsd" version="3.0" name="matrix.assignment.MatrixMultiplicationTest" time="0.133" tests="5" errors="0" skipped="0" failures="0">
  <properties>
[...]
</properties>
  <testcase name="testInvalidMultiplication" classname="matrix.assignment.MatrixMultiplicationTest" time="0.003"/>
  <testcase name="testMultiplicationWithZeroMatrix" classname="matrix.assignment.MatrixMultiplicationTest" time="0.0"/>
  <testcase name="testMultiplicationWithIdentityMatrix" classname="matrix.assignment.MatrixMultiplicationTest" time="0.0"/>
  <testcase name="testLargeMatrixMultiplication" classname="matrix.assignment.MatrixMultiplicationTest" time="0.0"/>
  <testcase name="testValidMultiplication" classname="matrix.assignment.MatrixMultiplicationTest" time="0.0"/>
</testsuite>